c:\users\aries\desktop\teamguinchouille\teamguinchouille\teamguinchouille\debug\teamguinchouille.pch
c:\users\aries\desktop\teamguinchouille\teamguinchouille\teamguinchouille\debug\vc141.pdb
c:\users\aries\desktop\teamguinchouille\teamguinchouille\teamguinchouille\debug\vc141.idb
c:\users\aries\desktop\teamguinchouille\teamguinchouille\teamguinchouille\debug\pch.obj
c:\users\aries\desktop\teamguinchouille\teamguinchouille\teamguinchouille\debug\player.obj
c:\users\aries\desktop\teamguinchouille\teamguinchouille\teamguinchouille\debug\bouclier.obj
c:\users\aries\desktop\teamguinchouille\teamguinchouille\teamguinchouille\debug\teamguinchouille.obj
c:\users\aries\desktop\teamguinchouille\teamguinchouille\debug\teamguinchouille.exe
c:\users\aries\desktop\teamguinchouille\teamguinchouille\debug\teamguinchouille.ilk
c:\users\aries\desktop\teamguinchouille\teamguinchouille\debug\teamguinchouille.pdb
c:\users\aries\desktop\teamguinchouille\teamguinchouille\teamguinchouille\debug\teamguinchouille.tlog\cl.command.1.tlog
c:\users\aries\desktop\teamguinchouille\teamguinchouille\teamguinchouille\debug\teamguinchouille.tlog\cl.read.1.tlog
c:\users\aries\desktop\teamguinchouille\teamguinchouille\teamguinchouille\debug\teamguinchouille.tlog\cl.write.1.tlog
c:\users\aries\desktop\teamguinchouille\teamguinchouille\teamguinchouille\debug\teamguinchouille.tlog\link.8992-cvtres.read.1.tlog
c:\users\aries\desktop\teamguinchouille\teamguinchouille\teamguinchouille\debug\teamguinchouille.tlog\link.8992-cvtres.write.1.tlog
c:\users\aries\desktop\teamguinchouille\teamguinchouille\teamguinchouille\debug\teamguinchouille.tlog\link.8992-rc.read.1.tlog
c:\users\aries\desktop\teamguinchouille\teamguinchouille\teamguinchouille\debug\teamguinchouille.tlog\link.8992-rc.write.1.tlog
c:\users\aries\desktop\teamguinchouille\teamguinchouille\teamguinchouille\debug\teamguinchouille.tlog\link.8992.read.1.tlog
c:\users\aries\desktop\teamguinchouille\teamguinchouille\teamguinchouille\debug\teamguinchouille.tlog\link.8992.write.1.tlog
c:\users\aries\desktop\teamguinchouille\teamguinchouille\teamguinchouille\debug\teamguinchouille.tlog\link.command.1.tlog
c:\users\aries\desktop\teamguinchouille\teamguinchouille\teamguinchouille\debug\teamguinchouille.tlog\link.read.1.tlog
c:\users\aries\desktop\teamguinchouille\teamguinchouille\teamguinchouille\debug\teamguinchouille.tlog\link.write.1.tlog
